#
# There is insufficient memory for the Java Runtime Environment to continue.
# Native memory allocation (mmap) failed to map 271581184 bytes for committing reserved memory.
# Possible reasons:
#   The system is out of physical RAM or swap space
#   The process is running with CompressedOops enabled, and the Java Heap may be blocking the growth of the native heap
# Possible solutions:
#   Reduce memory load on the system
#   Increase physical memory or swap space
#   Check if swap backing store is full
#   Decrease Java heap size (-Xmx/-Xms)
#   Decrease number of Java threads
#   Decrease Java thread stack sizes (-Xss)
#   Set larger code cache with -XX:ReservedCodeCacheSize=
#   JVM is running with Zero Based Compressed Oops mode in which the Java heap is
#     placed in the first 32GB address space. The Java Heap base address is the
#     maximum limit for the native heap growth. Please use -XX:HeapBaseMinAddress
#     to set the Java Heap base and to place the Java Heap above 32GB virtual address.
# This output file may be truncated or incomplete.
#
#  Out of Memory Error (os_linux.cpp:2749), pid=15172, tid=0x00007fd0f3cfc700
#
# JRE version: Java(TM) SE Runtime Environment (8.0_201-b09) (build 1.8.0_201-b09)
# Java VM: Java HotSpot(TM) 64-Bit Server VM (25.201-b09 mixed mode linux-amd64 compressed oops)
# Failed to write core dump. Core dumps have been disabled. To enable core dumping, try "ulimit -c unlimited" before starting Java again
#

---------------  T H R E A D  ---------------

Current thread (0x00007fd10c084000):  VMThread [stack: 0x00007fd0f3bfd000,0x00007fd0f3cfd000] [id=15184]

Stack: [0x00007fd0f3bfd000,0x00007fd0f3cfd000],  sp=0x00007fd0f3cfb3f0,  free space=1016k
Native frames: (J=compiled Java code, j=interpreted, Vv=VM code, C=native code)
V  [libjvm.so+0xad3525]  VMError::report_and_die()+0x2e5
V  [libjvm.so+0x4e0457]  report_vm_out_of_memory(char const*, int, unsigned long, VMErrorType, char const*)+0x67
V  [libjvm.so+0x9102f0]  os::pd_commit_memory(char*, unsigned long, unsigned long, bool)+0x100
V  [libjvm.so+0x90791f]  os::commit_memory(char*, unsigned long, unsigned long, bool)+0x1f
V  [libjvm.so+0x98c806]  PSVirtualSpace::expand_by(unsigned long)+0x56
V  [libjvm.so+0x98da98]  PSYoungGen::resize(unsigned long, unsigned long)+0xd8
V  [libjvm.so+0x98a236]  PSScavenge::invoke_no_policy()+0x1376
V  [libjvm.so+0x98a5cc]  PSScavenge::invoke()+0x4c
V  [libjvm.so+0x93a318]  ParallelScavengeHeap::failed_mem_allocate(unsigned long)+0x68
V  [libjvm.so+0xad5073]  VM_ParallelGCFailedAllocation::doit()+0x93
V  [libjvm.so+0xada296]  VM_Operation::evaluate()+0x46
V  [libjvm.so+0xad85cd]  VMThread::evaluate_operation(VM_Operation*) [clone .constprop.44]+0xcd
V  [libjvm.so+0xad8bb3]  VMThread::loop()+0x3a3
V  [libjvm.so+0xad8f88]  VMThread::run()+0x78
V  [libjvm.so+0x90d922]  java_start(Thread*)+0x102

VM_Operation (0x00007fd112511f30): ParallelGCFailedAllocation, mode: safepoint, requested by thread 0x00007fd10c00d800


---------------  P R O C E S S  ---------------

Java Threads: ( => current thread )
  0x00007fd10c7d8800 JavaThread "Active Thread: Equinox Container: 509f8145-a45a-0019-1f0f-e1778daf5cb5" [_thread_blocked, id=15217, stack(0x00007fd0f265f000,0x00007fd0f2760000)]
  0x00007fd10c466800 JavaThread "ProcessCallable-Runner" daemon [_thread_in_native, id=15195, stack(0x00007fd0f2c9f000,0x00007fd0f2da0000)]
  0x00007fd10c0e2000 JavaThread "Service Thread" daemon [_thread_blocked, id=15193, stack(0x00007fd0f2fe5000,0x00007fd0f30e6000)]
  0x00007fd10c0cd000 JavaThread "C1 CompilerThread3" daemon [_thread_blocked, id=15192, stack(0x00007fd0f30e7000,0x00007fd0f31e7000)]
  0x00007fd10c0ca800 JavaThread "C2 CompilerThread2" daemon [_thread_blocked, id=15191, stack(0x00007fd0f31e8000,0x00007fd0f32e8000)]
  0x00007fd10c0c9000 JavaThread "C2 CompilerThread1" daemon [_thread_blocked, id=15190, stack(0x00007fd0f32e9000,0x00007fd0f33e9000)]
  0x00007fd10c0c6000 JavaThread "C2 CompilerThread0" daemon [_thread_blocked, id=15189, stack(0x00007fd0f33ea000,0x00007fd0f34ea000)]
  0x00007fd10c0c4800 JavaThread "Signal Dispatcher" daemon [_thread_blocked, id=15188, stack(0x00007fd0f34ea000,0x00007fd0f35eb000)]
  0x00007fd10c090000 JavaThread "Finalizer" daemon [_thread_blocked, id=15186, stack(0x00007fd0f39fa000,0x00007fd0f3afb000)]
  0x00007fd10c08d800 JavaThread "Reference Handler" daemon [_thread_blocked, id=15185, stack(0x00007fd0f3afb000,0x00007fd0f3bfc000)]
  0x00007fd10c00d800 JavaThread "main" [_thread_blocked, id=15174, stack(0x00007fd112414000,0x00007fd112514000)]

Other Threads:
=>0x00007fd10c084000 VMThread [stack: 0x00007fd0f3bfd000,0x00007fd0f3cfd000] [id=15184]
  0x00007fd10c0e4800 WatcherThread [stack: 0x00007fd0f2ee5000,0x00007fd0f2fe5000] [id=15194]

VM state:at safepoint (normal execution)

VM Mutex/Monitor currently owned by a thread:  ([mutex/lock_event])
[0x00007fd10c00a390] Threads_lock - owner thread: 0x00007fd10c084000
[0x00007fd10c00a890] Heap_lock - owner thread: 0x00007fd10c00d800

heap address: 0x00000006c7a00000, size: 3974 MB, Compressed Oops mode: Zero based, Oop shift amount: 3
Narrow klass base: 0x0000000000000000, Narrow klass shift: 3
Compressed class space size: 1073741824 Address: 0x00000007c0000000

Heap:
 PSYoungGen      total 260096K, used 2036K [0x000000076d380000, 0x000000077d380000, 0x00000007c0000000)
  eden space 258048K, 0% used [0x000000076d380000,0x000000076d380000,0x000000077cf80000)
  from space 2048K, 99% used [0x000000077cf80000,0x000000077d17d150,0x000000077d180000)
  to   space 2048K, 0% used [0x000000077d180000,0x000000077d180000,0x000000077d380000)
 ParOldGen       total 171008K, used 7214K [0x00000006c7a00000, 0x00000006d2100000, 0x000000076d380000)
  object space 171008K, 4% used [0x00000006c7a00000,0x00000006c810b878,0x00000006d2100000)
 Metaspace       used 10624K, capacity 10826K, committed 11008K, reserved 1058816K
  class space    used 1156K, capacity 1217K, committed 1280K, reserved 1048576K

Card table byte_map: [0x00007fd0fb7ef000,0x00007fd0fbfb3000] byte_map_base: 0x00007fd0f81b2000

Marking Bits: (ParMarkBitMap*) 0x00007fd1118ccd80
 Begin Bits: [0x00007fd0bc3d0000, 0x00007fd0c01e8000)
 End Bits:   [0x00007fd0c01e8000, 0x00007fd0c4000000)

Polling page: 0x00007fd11253c000

CodeCache: size=245760Kb used=3694Kb max_used=3694Kb free=242065Kb
 bounds [0x00007fd0fc373000, 0x00007fd0fc713000, 0x00007fd10b373000]
 total_blobs=1390 nmethods=1052 adapters=251
 compilation: enabled

Compilation events (10 events):
Event: 10,190 Thread 0x00007fd10c0cd000 nmethod 1055 0x00007fd0fc70c890 code [0x00007fd0fc70cac0, 0x00007fd0fc70d7b8]
Event: 10,190 Thread 0x00007fd10c0cd000 1058       3       aQute.bnd.osgi.resource.CapReqBuilder::toAttrs (195 bytes)
Event: 10,191 Thread 0x00007fd10c0cd000 nmethod 1058 0x00007fd0fc70dc50 code [0x00007fd0fc70dfe0, 0x00007fd0fc70feb8]
Event: 10,191 Thread 0x00007fd10c0cd000 1061       3       aQute.bnd.header.Attrs$Type::plural (58 bytes)
Event: 10,191 Thread 0x00007fd10c0cd000 nmethod 1061 0x00007fd0fc709150 code [0x00007fd0fc7092c0, 0x00007fd0fc709550]
Event: 10,191 Thread 0x00007fd10c0cd000 1059       3       aQute.bnd.osgi.resource.CapabilityBuilder::<init> (6 bytes)
Event: 10,191 Thread 0x00007fd10c0cd000 nmethod 1059 0x00007fd0fc708750 code [0x00007fd0fc708900, 0x00007fd0fc708e50]
Event: 10,191 Thread 0x00007fd10c0cd000 1060       3       aQute.bnd.osgi.resource.CapReqBuilder::<init> (32 bytes)
Event: 10,191 Thread 0x00007fd10c0cd000 nmethod 1060 0x00007fd0fc7109d0 code [0x00007fd0fc710b60, 0x00007fd0fc711050]
Event: 10,192 Thread 0x00007fd10c0cd000 1062   !   3       aQute.bnd.osgi.resource.CapReqBuilder::toVersions (210 bytes)

GC Heap History (10 events):
Event: 0,425 GC heap after
Heap after GC invocations=2 (full 0):
 PSYoungGen      total 74752K, used 1376K [0x000000076d380000, 0x0000000776580000, 0x00000007c0000000)
  eden space 64512K, 0% used [0x000000076d380000,0x000000076d380000,0x0000000771280000)
  from space 10240K, 13% used [0x0000000771c80000,0x0000000771dd8050,0x0000000772680000)
  to   space 10240K, 0% used [0x0000000771280000,0x0000000771280000,0x0000000771c80000)
 ParOldGen       total 171008K, used 8K [0x00000006c7a00000, 0x00000006d2100000, 0x000000076d380000)
  object space 171008K, 0% used [0x00000006c7a00000,0x00000006c7a02000,0x00000006d2100000)
 Metaspace       used 4820K, capacity 4952K, committed 4992K, reserved 1056768K
  class space    used 538K, capacity 606K, committed 640K, reserved 1048576K
}
Event: 0,437 GC heap before
{Heap before GC invocations=3 (full 0):
 PSYoungGen      total 74752K, used 65745K [0x000000076d380000, 0x0000000776580000, 0x00000007c0000000)
  eden space 64512K, 99% used [0x000000076d380000,0x000000077125c7a0,0x0000000771280000)
  from space 10240K, 13% used [0x0000000771c80000,0x0000000771dd8050,0x0000000772680000)
  to   space 10240K, 0% used [0x0000000771280000,0x0000000771280000,0x0000000771c80000)
 ParOldGen       total 171008K, used 8K [0x00000006c7a00000, 0x00000006d2100000, 0x000000076d380000)
  object space 171008K, 0% used [0x00000006c7a00000,0x00000006c7a02000,0x00000006d2100000)
 Metaspace       used 4820K, capacity 4952K, committed 4992K, reserved 1056768K
  class space    used 538K, capacity 606K, committed 640K, reserved 1048576K
Event: 0,442 GC heap after
Heap after GC invocations=3 (full 0):
 PSYoungGen      total 74752K, used 1376K [0x000000076d380000, 0x0000000776580000, 0x00000007c0000000)
  eden space 64512K, 0% used [0x000000076d380000,0x000000076d380000,0x0000000771280000)
  from space 10240K, 13% used [0x0000000771280000,0x00000007713d8350,0x0000000771c80000)
  to   space 10240K, 0% used [0x0000000775b80000,0x0000000775b80000,0x0000000776580000)
 ParOldGen       total 171008K, used 16K [0x00000006c7a00000, 0x00000006d2100000, 0x000000076d380000)
  object space 171008K, 0% used [0x00000006c7a00000,0x00000006c7a04000,0x00000006d2100000)
 Metaspace       used 4820K, capacity 4952K, committed 4992K, reserved 1056768K
  class space    used 538K, capacity 606K, committed 640K, reserved 1048576K
}
Event: 0,455 GC heap before
{Heap before GC invocations=4 (full 0):
 PSYoungGen      total 74752K, used 65752K [0x000000076d380000, 0x0000000776580000, 0x00000007c0000000)
  eden space 64512K, 99% used [0x000000076d380000,0x000000077125df50,0x0000000771280000)
  from space 10240K, 13% used [0x0000000771280000,0x00000007713d8350,0x0000000771c80000)
  to   space 10240K, 0% used [0x0000000775b80000,0x0000000775b80000,0x0000000776580000)
 ParOldGen       total 171008K, used 16K [0x00000006c7a00000, 0x00000006d2100000, 0x000000076d380000)
  object space 171008K, 0% used [0x00000006c7a00000,0x00000006c7a04000,0x00000006d2100000)
 Metaspace       used 4820K, capacity 4952K, committed 4992K, reserved 1056768K
  class space    used 538K, capacity 606K, committed 640K, reserved 1048576K
Event: 0,460 GC heap after
Heap after GC invocations=4 (full 0):
 PSYoungGen      total 139264K, used 1379K [0x000000076d380000, 0x0000000776580000, 0x00000007c0000000)
  eden space 129024K, 0% used [0x000000076d380000,0x000000076d380000,0x0000000775180000)
  from space 10240K, 13% used [0x0000000775b80000,0x0000000775cd8fc0,0x0000000776580000)
  to   space 10240K, 0% used [0x0000000775180000,0x0000000775180000,0x0000000775b80000)
 ParOldGen       total 171008K, used 16K [0x00000006c7a00000, 0x00000006d2100000, 0x000000076d380000)
  object space 171008K, 0% used [0x00000006c7a00000,0x00000006c7a04000,0x00000006d2100000)
 Metaspace       used 4820K, capacity 4952K, committed 4992K, reserved 1056768K
  class space    used 538K, capacity 606K, committed 640K, reserved 1048576K
}
Event: 0,511 GC heap before
{Heap before GC invocations=5 (full 0):
 PSYoungGen      total 139264K, used 130187K [0x000000076d380000, 0x0000000776580000, 0x00000007c0000000)
  eden space 129024K, 99% used [0x000000076d380000,0x0000000775149f38,0x0000000775180000)
  from space 10240K, 13% used [0x0000000775b80000,0x0000000775cd8fc0,0x0000000776580000)
  to   space 10240K, 0% used [0x0000000775180000,0x0000000775180000,0x0000000775b80000)
 ParOldGen       total 171008K, used 16K [0x00000006c7a00000, 0x00000006d2100000, 0x000000076d380000)
  object space 171008K, 0% used [0x00000006c7a00000,0x00000006c7a04000,0x00000006d2100000)
 Metaspace       used 4820K, capacity 4952K, committed 4992K, reserved 1056768K
  class space    used 538K, capacity 606K, committed 640K, reserved 1048576K
Event: 0,521 GC heap after
Heap after GC invocations=5 (full 0):
 PSYoungGen      total 139264K, used 1472K [0x000000076d380000, 0x000000077d380000, 0x00000007c0000000)
  eden space 129024K, 0% used [0x000000076d380000,0x000000076d380000,0x0000000775180000)
  from space 10240K, 14% used [0x0000000775180000,0x00000007752f0148,0x0000000775b80000)
  to   space 2048K, 0% used [0x000000077d180000,0x000000077d180000,0x000000077d380000)
 ParOldGen       total 171008K, used 16K [0x00000006c7a00000, 0x00000006d2100000, 0x000000076d380000)
  object space 171008K, 0% used [0x00000006c7a00000,0x00000006c7a04000,0x00000006d2100000)
 Metaspace       used 4820K, capacity 4952K, committed 4992K, reserved 1056768K
  class space    used 538K, capacity 606K, committed 640K, reserved 1048576K
}
Event: 0,540 GC heap before
{Heap before GC invocations=6 (full 0):
 PSYoungGen      total 139264K, used 130414K [0x000000076d380000, 0x000000077d380000, 0x00000007c0000000)
  eden space 129024K, 99% used [0x000000076d380000,0x000000077516b928,0x0000000775180000)
  from space 10240K, 14% used [0x0000000775180000,0x00000007752f0148,0x0000000775b80000)
  to   space 2048K, 0% used [0x000000077d180000,0x000000077d180000,0x000000077d380000)
 ParOldGen       total 171008K, used 16K [0x00000006c7a00000, 0x00000006d2100000, 0x000000076d380000)
  object space 171008K, 0% used [0x00000006c7a00000,0x00000006c7a04000,0x00000006d2100000)
 Metaspace       used 4820K, capacity 4952K, committed 4992K, reserved 1056768K
  class space    used 538K, capacity 606K, committed 640K, reserved 1048576K
Event: 0,544 GC heap after
Heap after GC invocations=6 (full 0):
 PSYoungGen      total 260096K, used 1533K [0x000000076d380000, 0x000000077d380000, 0x00000007c0000000)
  eden space 258048K, 0% used [0x000000076d380000,0x000000076d380000,0x000000077cf80000)
  from space 2048K, 74% used [0x000000077d180000,0x000000077d2ff4c8,0x000000077d380000)
  to   space 2048K, 0% used [0x000000077cf80000,0x000000077cf80000,0x000000077d180000)
 ParOldGen       total 171008K, used 16K [0x00000006c7a00000, 0x00000006d2100000, 0x000000076d380000)
  object space 171008K, 0% used [0x00000006c7a00000,0x00000006c7a04000,0x00000006d2100000)
 Metaspace       used 4820K, capacity 4952K, committed 4992K, reserved 1056768K
  class space    used 538K, capacity 606K, committed 640K, reserved 1048576K
}
Event: 10,193 GC heap before
{Heap before GC invocations=7 (full 0):
 PSYoungGen      total 260096K, used 259581K [0x000000076d380000, 0x000000077d380000, 0x00000007c0000000)
  eden space 258048K, 100% used [0x000000076d380000,0x000000077cf80000,0x000000077cf80000)
  from space 2048K, 74% used [0x000000077d180000,0x000000077d2ff4c8,0x000000077d380000)
  to   space 2048K, 0% used [0x000000077cf80000,0x000000077cf80000,0x000000077d180000)
 ParOldGen       total 171008K, used 16K [0x00000006c7a00000, 0x00000006d2100000, 0x000000076d380000)
  object space 171008K, 0% used [0x00000006c7a00000,0x00000006c7a04000,0x00000006d2100000)
 Metaspace       used 10624K, capacity 10826K, committed 11008K, reserved 1058816K
  class space    used 1156K, capacity 1217K, committed 1280K, reserved 1048576K

Deoptimization events (10 events):
Event: 5,829 Thread 0x00007fd10c00d800 Uncommon trap: reason=unstable_if action=reinterpret pc=0x00007fd0fc5910ec method=java.lang.StringCoding$StringDecoder.decode([BII)[C @ 20
Event: 5,988 Thread 0x00007fd10c00d800 Uncommon trap: reason=unstable_if action=reinterpret pc=0x00007fd0fc60c330 method=org.eclipse.osgi.internal.util.Tokenizer.getChar()C @ 10
Event: 6,101 Thread 0x00007fd10c00d800 Uncommon trap: reason=unstable_if action=reinterpret pc=0x00007fd0fc633c7c method=java.util.HashMap$HashIterator.<init>(Ljava/util/HashMap;)V @ 45
Event: 7,724 Thread 0x00007fd10c00d800 Uncommon trap: reason=bimorphic action=maybe_recompile pc=0x00007fd0fc65a354 method=java.util.HashMap.putMapEntries(Ljava/util/Map;Z)V @ 1
Event: 7,739 Thread 0x00007fd10c00d800 Uncommon trap: reason=bimorphic action=maybe_recompile pc=0x00007fd0fc677430 method=java.util.Collections$UnmodifiableMap.get(Ljava/lang/Object;)Ljava/lang/Object; @ 5
Event: 7,739 Thread 0x00007fd10c00d800 Uncommon trap: reason=bimorphic action=maybe_recompile pc=0x00007fd0fc677430 method=java.util.Collections$UnmodifiableMap.get(Ljava/lang/Object;)Ljava/lang/Object; @ 5
Event: 8,013 Thread 0x00007fd10c00d800 Uncommon trap: reason=unstable_if action=reinterpret pc=0x00007fd0fc62b198 method=java.util.StringTokenizer.skipDelimiters(I)I @ 21
Event: 8,013 Thread 0x00007fd10c00d800 Uncommon trap: reason=unstable_if action=reinterpret pc=0x00007fd0fc64fc8c method=java.util.StringTokenizer.scanToken(I)I @ 96
Event: 8,013 Thread 0x00007fd10c00d800 Uncommon trap: reason=unstable_if action=reinterpret pc=0x00007fd0fc64641c method=java.util.StringTokenizer.scanToken(I)I @ 96
Event: 9,525 Thread 0x00007fd10c00d800 Uncommon trap: reason=bimorphic action=maybe_recompile pc=0x00007fd0fc65a354 method=java.util.HashMap.putMapEntries(Ljava/util/Map;Z)V @ 1

Classes redefined (0 events):
No events

Internal exceptions (9 events):
Event: 0,056 Thread 0x00007fd10c00d800 Exception <a 'java/lang/NoSuchMethodError': Method sun.misc.Unsafe.defineClass(Ljava/lang/String;[BII)Ljava/lang/Class; name or signature does not match> (0x000000076d387cb0) thrown at [/HUDSON/workspace/8-2-build-linux-amd64/jdk8u201/12317/hotspot/src/sh
Event: 0,056 Thread 0x00007fd10c00d800 Exception <a 'java/lang/NoSuchMethodError': Method sun.misc.Unsafe.prefetchRead(Ljava/lang/Object;J)V name or signature does not match> (0x000000076d387f98) thrown at [/HUDSON/workspace/8-2-build-linux-amd64/jdk8u201/12317/hotspot/src/share/vm/prims/jni.c
Event: 0,247 Thread 0x00007fd10c00d800 Exception <a 'java/lang/NoSuchFieldError': method resolution failed> (0x000000076d7107a0) thrown at [/HUDSON/workspace/8-2-build-linux-amd64/jdk8u201/12317/hotspot/src/share/vm/prims/methodHandles.cpp, line 1167]
Event: 0,250 Thread 0x00007fd10c00d800 Exception <a 'java/lang/NoSuchFieldError': method resolution failed> (0x000000076d71dbd0) thrown at [/HUDSON/workspace/8-2-build-linux-amd64/jdk8u201/12317/hotspot/src/share/vm/prims/methodHandles.cpp, line 1167]
Event: 0,387 Thread 0x00007fd10c00d800 Exception <a 'java/security/PrivilegedActionException'> (0x000000076f458b68) thrown at [/HUDSON/workspace/8-2-build-linux-amd64/jdk8u201/12317/hotspot/src/share/vm/prims/jvm.cpp, line 1502]
Event: 0,387 Thread 0x00007fd10c00d800 Exception <a 'java/security/PrivilegedActionException'> (0x000000076f458d78) thrown at [/HUDSON/workspace/8-2-build-linux-amd64/jdk8u201/12317/hotspot/src/share/vm/prims/jvm.cpp, line 1502]
Event: 0,387 Thread 0x00007fd10c00d800 Exception <a 'java/security/PrivilegedActionException'> (0x000000076f45b1e0) thrown at [/HUDSON/workspace/8-2-build-linux-amd64/jdk8u201/12317/hotspot/src/share/vm/prims/jvm.cpp, line 1502]
Event: 0,387 Thread 0x00007fd10c00d800 Exception <a 'java/security/PrivilegedActionException'> (0x000000076f45b3f0) thrown at [/HUDSON/workspace/8-2-build-linux-amd64/jdk8u201/12317/hotspot/src/share/vm/prims/jvm.cpp, line 1502]
Event: 4,023 Thread 0x00007fd10c00d800 Exception <a 'java/io/FileNotFoundException'> (0x00000007798649a0) thrown at [/HUDSON/workspace/8-2-build-linux-amd64/jdk8u201/12317/hotspot/src/share/vm/prims/jni.cpp, line 709]

Events (10 events):
Event: 10,118 loading class aQute/bnd/header/Attrs$8 done
Event: 10,118 loading class java/util/regex/Pattern$1
Event: 10,121 loading class java/util/regex/Pattern$1 done
Event: 10,123 loading class java/util/regex/Pattern$Dollar
Event: 10,132 loading class java/util/regex/Pattern$Dollar done
Event: 10,133 loading class aQute/bnd/header/Attrs$Type
Event: 10,133 loading class aQute/bnd/header/Attrs$Type done
Event: 10,146 loading class aQute/bnd/header/Attrs$9
Event: 10,146 loading class aQute/bnd/header/Attrs$9 done
Event: 10,193 Executing VM operation: ParallelGCFailedAllocation


Dynamic libraries:
00400000-00401000 r-xp 00000000 08:05 417599                             /usr/lib/jvm/java-8-oracle/jre/bin/java
00600000-00601000 r--p 00000000 08:05 417599                             /usr/lib/jvm/java-8-oracle/jre/bin/java
00601000-00602000 rw-p 00001000 08:05 417599                             /usr/lib/jvm/java-8-oracle/jre/bin/java
00608000-00629000 rw-p 00000000 00:00 0                                  [heap]
6c7a00000-6d2100000 rw-p 00000000 00:00 0 
6d2100000-76d380000 ---p 00000000 00:00 0 
76d380000-77d380000 rw-p 00000000 00:00 0 
78d680000-7c0000000 ---p 00000000 00:00 0 
7c0000000-7c0140000 rw-p 00000000 00:00 0 
7c0140000-800000000 ---p 00000000 00:00 0 
7fd078000000-7fd078021000 rw-p 00000000 00:00 0 
7fd078021000-7fd07c000000 ---p 00000000 00:00 0 
7fd07c000000-7fd07c021000 rw-p 00000000 00:00 0 
7fd07c021000-7fd080000000 ---p 00000000 00:00 0 
7fd080000000-7fd080021000 rw-p 00000000 00:00 0 
7fd080021000-7fd084000000 ---p 00000000 00:00 0 
7fd084000000-7fd084021000 rw-p 00000000 00:00 0 
7fd084021000-7fd088000000 ---p 00000000 00:00 0 
7fd088000000-7fd088021000 rw-p 00000000 00:00 0 
7fd088021000-7fd08c000000 ---p 00000000 00:00 0 
7fd08c000000-7fd08c021000 rw-p 00000000 00:00 0 
7fd08c021000-7fd090000000 ---p 00000000 00:00 0 
7fd090000000-7fd090021000 rw-p 00000000 00:00 0 
7fd090021000-7fd094000000 ---p 00000000 00:00 0 
7fd094000000-7fd094021000 rw-p 00000000 00:00 0 
7fd094021000-7fd098000000 ---p 00000000 00:00 0 
7fd098000000-7fd09821a000 rw-p 00000000 00:00 0 
7fd09821a000-7fd09c000000 ---p 00000000 00:00 0 
7fd09c000000-7fd09c021000 rw-p 00000000 00:00 0 
7fd09c021000-7fd0a0000000 ---p 00000000 00:00 0 
7fd0a0000000-7fd0a0156000 rw-p 00000000 00:00 0 
7fd0a0156000-7fd0a4000000 ---p 00000000 00:00 0 
7fd0a4000000-7fd0a4400000 rw-p 00000000 00:00 0 
7fd0a4400000-7fd0a8000000 ---p 00000000 00:00 0 
7fd0a8000000-7fd0a8021000 rw-p 00000000 00:00 0 
7fd0a8021000-7fd0ac000000 ---p 00000000 00:00 0 
7fd0ac000000-7fd0ac734000 rw-p 00000000 00:00 0 
7fd0ac734000-7fd0b0000000 ---p 00000000 00:00 0 
7fd0b0000000-7fd0b0021000 rw-p 00000000 00:00 0 
7fd0b0021000-7fd0b4000000 ---p 00000000 00:00 0 
7fd0b4000000-7fd0b4021000 rw-p 00000000 00:00 0 
7fd0b4021000-7fd0b8000000 ---p 00000000 00:00 0 
7fd0b8000000-7fd0b829b000 rw-p 00000000 00:00 0 
7fd0b829b000-7fd0bc000000 ---p 00000000 00:00 0 
7fd0bc3d0000-7fd0c4000000 rw-p 00000000 00:00 0 
7fd0c4000000-7fd0c4021000 rw-p 00000000 00:00 0 
7fd0c4021000-7fd0c8000000 ---p 00000000 00:00 0 
7fd0c8000000-7fd0c8021000 rw-p 00000000 00:00 0 
7fd0c8021000-7fd0cc000000 ---p 00000000 00:00 0 
7fd0cc000000-7fd0cc021000 rw-p 00000000 00:00 0 
7fd0cc021000-7fd0d0000000 ---p 00000000 00:00 0 
7fd0d4000000-7fd0d4021000 rw-p 00000000 00:00 0 
7fd0d4021000-7fd0d8000000 ---p 00000000 00:00 0 
7fd0dc000000-7fd0dc021000 rw-p 00000000 00:00 0 
7fd0dc021000-7fd0e0000000 ---p 00000000 00:00 0 
7fd0e4000000-7fd0e4021000 rw-p 00000000 00:00 0 
7fd0e4021000-7fd0e8000000 ---p 00000000 00:00 0 
7fd0e8fff000-7fd0ec000000 rw-p 00000000 00:00 0 
7fd0ec000000-7fd0ec021000 rw-p 00000000 00:00 0 
7fd0ec021000-7fd0f0000000 ---p 00000000 00:00 0 
7fd0f205b000-7fd0f21db000 rw-p 00000000 00:00 0 
7fd0f21db000-7fd0f225e000 ---p 00000000 00:00 0 
7fd0f225e000-7fd0f235c000 rw-p 00000000 00:00 0 
7fd0f235c000-7fd0f235f000 ---p 00000000 00:00 0 
7fd0f235f000-7fd0f245d000 rw-p 00000000 00:00 0 
7fd0f245d000-7fd0f2460000 ---p 00000000 00:00 0 
7fd0f2460000-7fd0f255e000 rw-p 00000000 00:00 0 
7fd0f255e000-7fd0f2561000 ---p 00000000 00:00 0 
7fd0f2561000-7fd0f265f000 rw-p 00000000 00:00 0 
7fd0f265f000-7fd0f2662000 ---p 00000000 00:00 0 
7fd0f2662000-7fd0f2760000 rw-p 00000000 00:00 0 
7fd0f2760000-7fd0f2763000 ---p 00000000 00:00 0 
7fd0f2763000-7fd0f2861000 rw-p 00000000 00:00 0 
7fd0f2861000-7fd0f2863000 r--s 00003000 08:07 10623170                   /home/tomek/IdeaProjects/jenkins/test/bundles/tomcat-8.0.32/lib/ext/support-tomcat.jar
7fd0f2863000-7fd0f286b000 r--s 000a5000 08:07 10623169                   /home/tomek/IdeaProjects/jenkins/test/bundles/tomcat-8.0.32/lib/ext/postgresql.jar
7fd0f286b000-7fd0f286e000 r--s 0000b000 08:07 10623166                   /home/tomek/IdeaProjects/jenkins/test/bundles/tomcat-8.0.32/lib/ext/portlet.jar
7fd0f286e000-7fd0f2871000 r--s 0001a000 08:05 417938                     /usr/lib/jvm/java-8-oracle/jre/lib/jce.jar
7fd0f2871000-7fd0f2875000 r--s 000a1000 08:05 417762                     /usr/lib/jvm/java-8-oracle/jre/lib/jsse.jar
7fd0f2875000-7fd0f288b000 r-xp 00000000 08:05 417922                     /usr/lib/jvm/java-8-oracle/jre/lib/amd64/libnet.so
7fd0f288b000-7fd0f2a8b000 ---p 00016000 08:05 417922                     /usr/lib/jvm/java-8-oracle/jre/lib/amd64/libnet.so
7fd0f2a8b000-7fd0f2a8c000 r--p 00016000 08:05 417922                     /usr/lib/jvm/java-8-oracle/jre/lib/amd64/libnet.so
7fd0f2a8c000-7fd0f2a8d000 rw-p 00017000 08:05 417922                     /usr/lib/jvm/java-8-oracle/jre/lib/amd64/libnet.so
7fd0f2a8d000-7fd0f2a9e000 r-xp 00000000 08:05 417925                     /usr/lib/jvm/java-8-oracle/jre/lib/amd64/libnio.so
7fd0f2a9e000-7fd0f2c9d000 ---p 00011000 08:05 417925                     /usr/lib/jvm/java-8-oracle/jre/lib/amd64/libnio.so
7fd0f2c9d000-7fd0f2c9e000 r--p 00010000 08:05 417925                     /usr/lib/jvm/java-8-oracle/jre/lib/amd64/libnio.so
7fd0f2c9e000-7fd0f2c9f000 rw-p 00011000 08:05 417925                     /usr/lib/jvm/java-8-oracle/jre/lib/amd64/libnio.so
7fd0f2c9f000-7fd0f2ca2000 ---p 00000000 00:00 0 
7fd0f2ca2000-7fd0f2da0000 rw-p 00000000 00:00 0 
7fd0f2da0000-7fd0f2e36000 r--s 00651000 08:07 10623165                   /home/tomek/IdeaProjects/jenkins/test/bundles/tomcat-8.0.32/lib/ext/portal-kernel.jar
7fd0f2e36000-7fd0f2e3c000 r--s 00022000 08:07 10623154                   /home/tomek/IdeaProjects/jenkins/test/bundles/tomcat-8.0.32/lib/ext/persistence.jar
7fd0f2e3c000-7fd0f2e43000 r--s 000c7000 08:07 10623142                   /home/tomek/IdeaProjects/jenkins/test/bundles/tomcat-8.0.32/lib/ext/mysql.jar
7fd0f2e43000-7fd0f2e48000 r--s 00037000 08:07 10623131                   /home/tomek/IdeaProjects/jenkins/test/bundles/tomcat-8.0.32/lib/ext/mariadb.jar
7fd0f2e48000-7fd0f2e4e000 r--s 00059000 08:07 10623130                   /home/tomek/IdeaProjects/jenkins/test/bundles/tomcat-8.0.32/lib/ext/mail.jar
7fd0f2e4e000-7fd0f2e50000 r--s 00002000 08:07 10623129                   /home/tomek/IdeaProjects/jenkins/test/bundles/tomcat-8.0.32/lib/ext/jutf7.jar
7fd0f2e50000-7fd0f2e51000 r--s 00003000 08:07 10623127                   /home/tomek/IdeaProjects/jenkins/test/bundles/tomcat-8.0.32/lib/ext/jta.jar
7fd0f2e51000-7fd0f2e53000 r--s 00005000 08:07 10623125                   /home/tomek/IdeaProjects/jenkins/test/bundles/tomcat-8.0.32/lib/ext/jms.jar
7fd0f2e53000-7fd0f2e62000 r--s 001e7000 08:07 10623124                   /home/tomek/IdeaProjects/jenkins/test/bundles/tomcat-8.0.32/lib/ext/hsql.jar
7fd0f2e62000-7fd0f2e65000 r--s 00010000 08:07 10619510                   /home/tomek/IdeaProjects/jenkins/test/bundles/tomcat-8.0.32/lib/ext/com.liferay.registry.api.jar
7fd0f2e65000-7fd0f2e66000 r--s 00002000 08:07 10619508                   /home/tomek/IdeaProjects/jenkins/test/bundles/tomcat-8.0.32/lib/ext/com.liferay.petra.string.jar
7fd0f2e66000-7fd0f2e67000 r--s 00001000 08:07 10619504                   /home/tomek/IdeaProjects/jenkins/test/bundles/tomcat-8.0.32/lib/ext/com.liferay.petra.reflect.jar
7fd0f2e67000-7fd0f2e69000 r--s 0000b000 08:07 10619500                   /home/tomek/IdeaProjects/jenkins/test/bundles/tomcat-8.0.32/lib/ext/com.liferay.petra.process.jar
7fd0f2e69000-7fd0f2e6a000 r--s 00000000 08:07 10619493                   /home/tomek/IdeaProjects/jenkins/test/bundles/tomcat-8.0.32/lib/ext/com.liferay.petra.nio.jar
7fd0f2e6a000-7fd0f2e6c000 r--s 00003000 08:07 10619491                   /home/tomek/IdeaProjects/jenkins/test/bundles/tomcat-8.0.32/lib/ext/com.liferay.petra.memory.jar
7fd0f2e6c000-7fd0f2e6d000 r--s 00002000 08:07 10619489                   /home/tomek/IdeaProjects/jenkins/test/bundles/tomcat-8.0.32/lib/ext/com.liferay.petra.lang.jar
7fd0f2e6d000-7fd0f2e6f000 r--s 0000c000 08:07 10619486                   /home/tomek/IdeaProjects/jenkins/test/bundles/tomcat-8.0.32/lib/ext/com.liferay.petra.io.jar
7fd0f2e6f000-7fd0f2e70000 r--s 00000000 08:07 10619471                   /home/tomek/IdeaProjects/jenkins/test/bundles/tomcat-8.0.32/lib/ext/com.liferay.petra.function.jar
7fd0f2e70000-7fd0f2e71000 r--s 00000000 08:07 10619469                   /home/tomek/IdeaProjects/jenkins/test/bundles/tomcat-8.0.32/lib/ext/com.liferay.petra.executor.jar
7fd0f2e71000-7fd0f2e73000 r--s 00008000 08:07 10619465                   /home/tomek/IdeaProjects/jenkins/test/bundles/tomcat-8.0.32/lib/ext/com.liferay.petra.concurrent.jar
7fd0f2e73000-7fd0f2e75000 r--s 0000e000 08:07 10619461                   /home/tomek/IdeaProjects/jenkins/test/bundles/tomcat-8.0.32/lib/ext/activation.jar
7fd0f2e75000-7fd0f2e77000 r--s 00007000 08:07 10623205                   /home/tomek/IdeaProjects/jenkins/test/bundles/tomcat-8.0.32/lib/websocket-api.jar
7fd0f2e77000-7fd0f2e7b000 r--s 00031000 08:07 10623204                   /home/tomek/IdeaProjects/jenkins/test/bundles/tomcat-8.0.32/lib/tomcat-websocket.jar
7fd0f2e7b000-7fd0f2e7e000 r--s 00017000 08:07 10623202                   /home/tomek/IdeaProjects/jenkins/test/bundles/tomcat-8.0.32/lib/tomcat-util.jar
7fd0f2e7e000-7fd0f2e83000 r--s 0002d000 08:07 10623201                   /home/tomek/IdeaProjects/jenkins/test/bundles/tomcat-8.0.32/lib/tomcat-util-scan.jar
7fd0f2e83000-7fd0f2e85000 r--s 00006000 08:07 10623197                   /home/tomek/IdeaProjects/jenkins/test/bundles/tomcat-8.0.32/lib/tomcat-jni.jar
7fd0f2e85000-7fd0f2e88000 r--s 0001f000 08:07 10623192                   /home/tomek/IdeaProjects/jenkins/test/bundles/tomcat-8.0.32/lib/tomcat-jdbc.jar
7fd0f2e88000-7fd0f2e8a000 r--s 00009000 08:07 10623191                   /home/tomek/IdeaProjects/jenkins/test/bundles/tomcat-8.0.32/lib/tomcat-i18n-ja.jar
7fd0f2e8a000-7fd0f2e8d000 r--s 00008000 08:07 10623188                   /home/tomek/IdeaProjects/jenkins/test/bundles/tomcat-8.0.32/lib/tomcat-i18n-fr.jar
7fd0f2e8d000-7fd0f2e90000 r--s 0000e000 08:07 10623185                   /home/tomek/IdeaProjects/jenkins/test/bundles/tomcat-8.0.32/lib/tomcat-i18n-es.jar
7fd0f2e90000-7fd0f2e94000 r--s 00038000 08:07 10623184                   /home/tomek/IdeaProjects/jenkins/test/bundles/tomcat-8.0.32/lib/tomcat-dbcp.jar
7fd0f2e94000-7fd0f2e9f000 r--s 000a3000 08:07 10623179                   /home/tomek/IdeaProjects/jenkins/test/bundles/tomcat-8.0.32/lib/tomcat-coyote.jar
7fd0f2e9f000-7fd0f2ea3000 r--s 00038000 08:07 10623177                   /home/tomek/IdeaProjects/jenkins/test/bundles/tomcat-8.0.32/lib/servlet-api.jar
7fd0f2ea3000-7fd0f2eab000 r--s 00088000 08:07 10623174                   /home/tomek/IdeaProjects/jenkins/test/bundles/tomcat-8.0.32/lib/jasper.jar
7fd0f2eab000-7fd0f2ebd000 r--s 00223000 08:07 10619346                   /home/tomek/IdeaProjects/jenkins/test/bundles/tomcat-8.0.32/lib/ecj-4.4.2.jar
7fd0f2ebd000-7fd0f2ed0000 r--s 0016a000 08:07 10619345                   /home/tomek/IdeaProjects/jenkins/test/bundles/tomcat-8.0.32/lib/catalina.jar
7fd0f2ed0000-7fd0f2ee4000 r--s 0012b000 08:07 10491780                   /home/tomek/IdeaProjects/jenkins/test/bundles/osgi/core/org.eclipse.osgi.jar
7fd0f2ee4000-7fd0f2ee5000 ---p 00000000 00:00 0 
7fd0f2ee5000-7fd0f2fe5000 rw-p 00000000 00:00 0 
7fd0f2fe5000-7fd0f2fe8000 ---p 00000000 00:00 0 
7fd0f2fe8000-7fd0f30e6000 rw-p 00000000 00:00 0 
7fd0f30e6000-7fd0f30e7000 ---p 00000000 00:00 0 
7fd0f30e7000-7fd0f30ea000 ---p 00000000 00:00 0 
7fd0f30ea000-7fd0f31e7000 rw-p 00000000 00:00 0 
7fd0f31e7000-7fd0f31e8000 ---p 00000000 00:00 0 
7fd0f31e8000-7fd0f31eb000 ---p 00000000 00:00 0 
7fd0f31eb000-7fd0f32e8000 rw-p 00000000 00:00 0 
7fd0f32e8000-7fd0f32e9000 ---p 00000000 00:00 0 
7fd0f32e9000-7fd0f32ec000 ---p 00000000 00:00 0 
7fd0f32ec000-7fd0f33e9000 rw-p 00000000 00:00 0 
7fd0f33e9000-7fd0f33ea000 ---p 00000000 00:00 0 
7fd0f33ea000-7fd0f33ed000 ---p 00000000 00:00 0 
7fd0f33ed000-7fd0f34ea000 rw-p 00000000 00:00 0 
7fd0f34ea000-7fd0f34ed000 ---p 00000000 00:00 0 
7fd0f34ed000-7fd0f35eb000 rw-p 00000000 00:00 0 
7fd0f35eb000-7fd0f39fa000 r--p 00000000 08:05 152                        /usr/lib/locale/locale-archive
7fd0f39fa000-7fd0f39fd000 ---p 00000000 00:00 0 
7fd0f39fd000-7fd0f3afb000 rw-p 00000000 00:00 0 
7fd0f3afb000-7fd0f3afe000 ---p 00000000 00:00 0 
7fd0f3afe000-7fd0f3bfc000 rw-p 00000000 00:00 0 
7fd0f3bfc000-7fd0f3bfd000 ---p 00000000 00:00 0 
7fd0f3bfd000-7fd0f4000000 rw-p 00000000 00:00 0 
7fd0f4000000-7fd0f4021000 rw-p 00000000 00:00 0 
7fd0f4021000-7fd0f8000000 ---p 00000000 00:00 0 
7fd0f8000000-7fd0f8001000 r--s 00003000 08:07 10619462                   /home/tomek/IdeaProjects/jenkins/test/bundles/tomcat-8.0.32/lib/ext/ccpp.jar
7fd0f8001000-7fd0f8003000 r--s 00001000 08:07 10623178                   /home/tomek/IdeaProjects/jenkins/test/bundles/tomcat-8.0.32/lib/tomcat-api.jar
7fd0f8003000-7fd0f8005000 r--s 0000d000 08:07 10623175                   /home/tomek/IdeaProjects/jenkins/test/bundles/tomcat-8.0.32/lib/jsp-api.jar
7fd0f8005000-7fd0f8008000 r--s 00025000 08:07 10623171                   /home/tomek/IdeaProjects/jenkins/test/bundles/tomcat-8.0.32/lib/jasper-el.jar
7fd0f8008000-7fd0f805a000 r--s 00543000 08:07 11409921                   /home/tomek/IdeaProjects/jenkins/test/bundles/osgi/state/org.eclipse.osgi/23/0/bundleFile
7fd0f805a000-7fd0f99a8000 rw-p 00000000 00:00 0 
7fd0f99a8000-7fd0f9b82000 r--s 03d6f000 08:05 417705                     /usr/lib/jvm/java-8-oracle/jre/lib/rt.jar
7fd0f9b82000-7fd0fabbb000 rw-p 00000000 00:00 0 
7fd0fabbb000-7fd0fabbc000 ---p 00000000 00:00 0 
7fd0fabbc000-7fd0facbc000 rw-p 00000000 00:00 0 
7fd0facbc000-7fd0facbd000 ---p 00000000 00:00 0 
7fd0facbd000-7fd0fadbd000 rw-p 00000000 00:00 0 
7fd0fadbd000-7fd0fadbe000 ---p 00000000 00:00 0 
7fd0fadbe000-7fd0faebe000 rw-p 00000000 00:00 0 
7fd0faebe000-7fd0faebf000 ---p 00000000 00:00 0 
7fd0faebf000-7fd0fafbf000 rw-p 00000000 00:00 0 
7fd0fafbf000-7fd0fafc0000 ---p 00000000 00:00 0 
7fd0fafc0000-7fd0fb0c0000 rw-p 00000000 00:00 0 
7fd0fb0c0000-7fd0fb0c1000 ---p 00000000 00:00 0 
7fd0fb0c1000-7fd0fb1c1000 rw-p 00000000 00:00 0 
7fd0fb1c1000-7fd0fb1c2000 ---p 00000000 00:00 0 
7fd0fb1c2000-7fd0fb316000 rw-p 00000000 00:00 0 
7fd0fb316000-7fd0fb7ef000 ---p 00000000 00:00 0 
7fd0fb7ef000-7fd0fb843000 rw-p 00000000 00:00 0 
7fd0fb843000-7fd0fbd1b000 ---p 00000000 00:00 0 
7fd0fbd1b000-7fd0fbd9c000 rw-p 00000000 00:00 0 
7fd0fbd9c000-7fd0fbfb2000 ---p 00000000 00:00 0 
7fd0fbfb2000-7fd0fbfc2000 rw-p 00000000 00:00 0 
7fd0fbfc2000-7fd0fc373000 ---p 00000000 00:00 0 
7fd0fc373000-7fd0fc713000 rwxp 00000000 00:00 0 
7fd0fc713000-7fd10b373000 ---p 00000000 00:00 0 
7fd10b373000-7fd10b38e000 r-xp 00000000 08:05 417918                     /usr/lib/jvm/java-8-oracle/jre/lib/amd64/libzip.so
7fd10b38e000-7fd10b58d000 ---p 0001b000 08:05 417918                     /usr/lib/jvm/java-8-oracle/jre/lib/amd64/libzip.so
7fd10b58d000-7fd10b58e000 r--p 0001a000 08:05 417918                     /usr/lib/jvm/java-8-oracle/jre/lib/amd64/libzip.so
7fd10b58e000-7fd10b58f000 rw-p 0001b000 08:05 417918                     /usr/lib/jvm/java-8-oracle/jre/lib/amd64/libzip.so
7fd10b58f000-7fd10b59a000 r-xp 00000000 08:05 1439444                    /lib/x86_64-linux-gnu/libnss_files-2.27.so
7fd10b59a000-7fd10b799000 ---p 0000b000 08:05 1439444                    /lib/x86_64-linux-gnu/libnss_files-2.27.so
7fd10b799000-7fd10b79a000 r--p 0000a000 08:05 1439444                    /lib/x86_64-linux-gnu/libnss_files-2.27.so
7fd10b79a000-7fd10b79b000 rw-p 0000b000 08:05 1439444                    /lib/x86_64-linux-gnu/libnss_files-2.27.so
7fd10b79b000-7fd10b7a1000 rw-p 00000000 00:00 0 
7fd10b7a1000-7fd10b7b8000 r-xp 00000000 08:05 1439441                    /lib/x86_64-linux-gnu/libnsl-2.27.so
7fd10b7b8000-7fd10b9b7000 ---p 00017000 08:05 1439441                    /lib/x86_64-linux-gnu/libnsl-2.27.so
7fd10b9b7000-7fd10b9b8000 r--p 00016000 08:05 1439441                    /lib/x86_64-linux-gnu/libnsl-2.27.so
7fd10b9b8000-7fd10b9b9000 rw-p 00017000 08:05 1439441                    /lib/x86_64-linux-gnu/libnsl-2.27.so
7fd10b9b9000-7fd10b9bb000 rw-p 00000000 00:00 0 
7fd10b9bb000-7fd10b9c6000 r-xp 00000000 08:05 1439446                    /lib/x86_64-linux-gnu/libnss_nis-2.27.so
7fd10b9c6000-7fd10bbc5000 ---p 0000b000 08:05 1439446                    /lib/x86_64-linux-gnu/libnss_nis-2.27.so
7fd10bbc5000-7fd10bbc6000 r--p 0000a000 08:05 1439446                    /lib/x86_64-linux-gnu/libnss_nis-2.27.so
7fd10bbc6000-7fd10bbc7000 rw-p 0000b000 08:05 1439446                    /lib/x86_64-linux-gnu/libnss_nis-2.27.so
7fd10bbc7000-7fd10bbcf000 r-xp 00000000 08:05 1439442                    /lib/x86_64-linux-gnu/libnss_compat-2.27.so
7fd10bbcf000-7fd10bdcf000 ---p 00008000 08:05 1439442                    /lib/x86_64-linux-gnu/libnss_compat-2.27.so
7fd10bdcf000-7fd10bdd0000 r--p 00008000 08:05 1439442                    /lib/x86_64-linux-gnu/libnss_compat-2.27.so
7fd10bdd0000-7fd10bdd1000 rw-p 00009000 08:05 1439442                    /lib/x86_64-linux-gnu/libnss_compat-2.27.so
7fd10bdd1000-7fd10bdfd000 r-xp 00000000 08:05 417912                     /usr/lib/jvm/java-8-oracle/jre/lib/amd64/libjava.so
7fd10bdfd000-7fd10bffd000 ---p 0002c000 08:05 417912                     /usr/lib/jvm/java-8-oracle/jre/lib/amd64/libjava.so
7fd10bffd000-7fd10bffe000 r--p 0002c000 08:05 417912                     /usr/lib/jvm/java-8-oracle/jre/lib/amd64/libjava.so
7fd10bffe000-7fd10c000000 rw-p 0002d000 08:05 417912                     /usr/lib/jvm/java-8-oracle/jre/lib/amd64/libjava.so
7fd10c000000-7fd10c82b000 rw-p 00000000 00:00 0 
7fd10c82b000-7fd110000000 ---p 00000000 00:00 0 
7fd110000000-7fd110002000 r--s 00012000 08:07 10619350                   /home/tomek/IdeaProjects/jenkins/test/bundles/tomcat-8.0.32/lib/el-api.jar
7fd110002000-7fd110007000 r--s 0003e000 08:07 10619341                   /home/tomek/IdeaProjects/jenkins/test/bundles/tomcat-8.0.32/lib/catalina-tribes.jar
7fd110007000-7fd110009000 r--s 00011000 08:07 10619338                   /home/tomek/IdeaProjects/jenkins/test/bundles/tomcat-8.0.32/lib/catalina-storeconfig.jar
7fd110009000-7fd11004b000 rw-p 00000000 00:00 0 
7fd11004b000-7fd11004c000 ---p 00000000 00:00 0 
7fd11004c000-7fd11014c000 rw-p 00000000 00:00 0 
7fd11014c000-7fd110159000 r-xp 00000000 08:05 417917                     /usr/lib/jvm/java-8-oracle/jre/lib/amd64/libverify.so
7fd110159000-7fd110358000 ---p 0000d000 08:05 417917                     /usr/lib/jvm/java-8-oracle/jre/lib/amd64/libverify.so
7fd110358000-7fd11035a000 r--p 0000c000 08:05 417917                     /usr/lib/jvm/java-8-oracle/jre/lib/amd64/libverify.so
7fd11035a000-7fd11035b000 rw-p 0000e000 08:05 417917                     /usr/lib/jvm/java-8-oracle/jre/lib/amd64/libverify.so
7fd11035b000-7fd110362000 r-xp 00000000 08:05 1439451                    /lib/x86_64-linux-gnu/librt-2.27.so
7fd110362000-7fd110561000 ---p 00007000 08:05 1439451                    /lib/x86_64-linux-gnu/librt-2.27.so
7fd110561000-7fd110562000 r--p 00006000 08:05 1439451                    /lib/x86_64-linux-gnu/librt-2.27.so
7fd110562000-7fd110563000 rw-p 00007000 08:05 1439451                    /lib/x86_64-linux-gnu/librt-2.27.so
7fd110563000-7fd110700000 r-xp 00000000 08:05 1439438                    /lib/x86_64-linux-gnu/libm-2.27.so
7fd110700000-7fd1108ff000 ---p 0019d000 08:05 1439438                    /lib/x86_64-linux-gnu/libm-2.27.so
7fd1108ff000-7fd110900000 r--p 0019c000 08:05 1439438                    /lib/x86_64-linux-gnu/libm-2.27.so
7fd110900000-7fd110901000 rw-p 0019d000 08:05 1439438                    /lib/x86_64-linux-gnu/libm-2.27.so
7fd110901000-7fd1115e9000 r-xp 00000000 08:05 417894                     /usr/lib/jvm/java-8-oracle/jre/lib/amd64/server/libjvm.so
7fd1115e9000-7fd1117e8000 ---p 00ce8000 08:05 417894                     /usr/lib/jvm/java-8-oracle/jre/lib/amd64/server/libjvm.so
7fd1117e8000-7fd11187e000 r--p 00ce7000 08:05 417894                     /usr/lib/jvm/java-8-oracle/jre/lib/amd64/server/libjvm.so
7fd11187e000-7fd1118af000 rw-p 00d7d000 08:05 417894                     /usr/lib/jvm/java-8-oracle/jre/lib/amd64/server/libjvm.so
7fd1118af000-7fd1118ea000 rw-p 00000000 00:00 0 
7fd1118ea000-7fd111ad1000 r-xp 00000000 08:05 1439434                    /lib/x86_64-linux-gnu/libc-2.27.so
7fd111ad1000-7fd111cd1000 ---p 001e7000 08:05 1439434                    /lib/x86_64-linux-gnu/libc-2.27.so
7fd111cd1000-7fd111cd5000 r--p 001e7000 08:05 1439434                    /lib/x86_64-linux-gnu/libc-2.27.so
7fd111cd5000-7fd111cd7000 rw-p 001eb000 08:05 1439434                    /lib/x86_64-linux-gnu/libc-2.27.so
7fd111cd7000-7fd111cdb000 rw-p 00000000 00:00 0 
7fd111cdb000-7fd111cde000 r-xp 00000000 08:05 1439437                    /lib/x86_64-linux-gnu/libdl-2.27.so
7fd111cde000-7fd111edd000 ---p 00003000 08:05 1439437                    /lib/x86_64-linux-gnu/libdl-2.27.so
7fd111edd000-7fd111ede000 r--p 00002000 08:05 1439437                    /lib/x86_64-linux-gnu/libdl-2.27.so
7fd111ede000-7fd111edf000 rw-p 00003000 08:05 1439437                    /lib/x86_64-linux-gnu/libdl-2.27.so
7fd111edf000-7fd111ef6000 r-xp 00000000 08:05 417889                     /usr/lib/jvm/java-8-oracle/jre/lib/amd64/jli/libjli.so
7fd111ef6000-7fd1120f5000 ---p 00017000 08:05 417889                     /usr/lib/jvm/java-8-oracle/jre/lib/amd64/jli/libjli.so
7fd1120f5000-7fd1120f6000 r--p 00016000 08:05 417889                     /usr/lib/jvm/java-8-oracle/jre/lib/amd64/jli/libjli.so
7fd1120f6000-7fd1120f7000 rw-p 00017000 08:05 417889                     /usr/lib/jvm/java-8-oracle/jre/lib/amd64/jli/libjli.so
7fd1120f7000-7fd112111000 r-xp 00000000 08:05 1439449                    /lib/x86_64-linux-gnu/libpthread-2.27.so
7fd112111000-7fd112310000 ---p 0001a000 08:05 1439449                    /lib/x86_64-linux-gnu/libpthread-2.27.so
7fd112310000-7fd112311000 r--p 00019000 08:05 1439449                    /lib/x86_64-linux-gnu/libpthread-2.27.so
7fd112311000-7fd112312000 rw-p 0001a000 08:05 1439449                    /lib/x86_64-linux-gnu/libpthread-2.27.so
7fd112312000-7fd112316000 rw-p 00000000 00:00 0 
7fd112316000-7fd11233d000 r-xp 00000000 08:05 1439430                    /lib/x86_64-linux-gnu/ld-2.27.so
7fd11233d000-7fd112340000 r--s 0001b000 08:07 10619336                   /home/tomek/IdeaProjects/jenkins/test/bundles/tomcat-8.0.32/lib/catalina-ha.jar
7fd112340000-7fd112342000 r--s 0000c000 08:07 10619334                   /home/tomek/IdeaProjects/jenkins/test/bundles/tomcat-8.0.32/lib/catalina-ant.jar
7fd112342000-7fd112413000 rw-p 00000000 00:00 0 
7fd112413000-7fd112414000 ---p 00000000 00:00 0 
7fd112414000-7fd112417000 ---p 00000000 00:00 0 
7fd112417000-7fd112518000 rw-p 00000000 00:00 0 
7fd112518000-7fd11251a000 r--s 00003000 08:07 10619333                   /home/tomek/IdeaProjects/jenkins/test/bundles/tomcat-8.0.32/lib/annotations-api.jar
7fd11251a000-7fd11251c000 r--s 0000d000 08:07 11409912                   /home/tomek/IdeaProjects/jenkins/test/bundles/osgi/state/org.eclipse.osgi/14/0/bundleFile
7fd11251c000-7fd11251e000 r--s 00005000 08:07 10491748                   /home/tomek/IdeaProjects/jenkins/test/bundles/osgi/core/com.liferay.registry.impl.jar
7fd11251e000-7fd112527000 r--s 00060000 08:07 10491747                   /home/tomek/IdeaProjects/jenkins/test/bundles/osgi/core/com.liferay.portal.security.pacl.jar
7fd112527000-7fd112528000 r--s 00001000 08:07 10491746                   /home/tomek/IdeaProjects/jenkins/test/bundles/osgi/core/com.liferay.portal.equinox.log.bridge.jar
7fd112528000-7fd112529000 r--s 00011000 08:07 10491744                   /home/tomek/IdeaProjects/jenkins/test/bundles/osgi/core/com.liferay.portal.bootstrap.jar
7fd112529000-7fd11252a000 r--s 00001000 08:07 10491737                   /home/tomek/IdeaProjects/jenkins/test/bundles/osgi/core/com.liferay.portal.app.license.resolver.hook.jar
7fd11252a000-7fd11252c000 r--s 00002000 08:07 10491445                   /home/tomek/IdeaProjects/jenkins/test/bundles/osgi/core/com.liferay.portal.app.license.impl.jar
7fd11252c000-7fd11252d000 r--s 00000000 08:07 10491443                   /home/tomek/IdeaProjects/jenkins/test/bundles/osgi/core/com.liferay.portal.app.license.api.jar
7fd11252d000-7fd11252f000 r--s 00009000 08:07 10491441                   /home/tomek/IdeaProjects/jenkins/test/bundles/osgi/core/com.liferay.osgi.service.tracker.collections.jar
7fd11252f000-7fd112531000 r--s 00002000 08:07 10491438                   /home/tomek/IdeaProjects/jenkins/test/bundles/osgi/core/com.liferay.osgi.felix.util.jar
7fd112531000-7fd112533000 r--s 00000000 08:07 10491435                   /home/tomek/IdeaProjects/jenkins/test/bundles/osgi/core/com.liferay.jaxws.osgi.bridge.jar
7fd112533000-7fd11253b000 rw-s 00000000 08:05 1341627                    /tmp/hsperfdata_tomek/15172
7fd11253b000-7fd11253c000 rw-p 00000000 00:00 0 
7fd11253c000-7fd11253d000 ---p 00000000 00:00 0 
7fd11253d000-7fd11253e000 r--p 00027000 08:05 1439430                    /lib/x86_64-linux-gnu/ld-2.27.so
7fd11253e000-7fd11253f000 rw-p 00028000 08:05 1439430                    /lib/x86_64-linux-gnu/ld-2.27.so
7fd11253f000-7fd112540000 rw-p 00000000 00:00 0 
7fff572f5000-7fff57318000 rw-p 00000000 00:00 0                          [stack]
7fff57342000-7fff57345000 r--p 00000000 00:00 0                          [vvar]
7fff57345000-7fff57347000 r-xp 00000000 00:00 0                          [vdso]
ffffffffff600000-ffffffffff601000 r-xp 00000000 00:00 0                  [vsyscall]

VM Arguments:
jvm_args: -Djava.awt.headless=true 
java_command: com.liferay.petra.process.local.LocalProcessLauncher
java_class_path (initial): /home/tomek/IdeaProjects/jenkins/test/bundles/osgi/state/org.eclipse.osgi/23/0/bundleFile:/home/tomek/IdeaProjects/jenkins/test/bundles/osgi/core/com.liferay.jaxws.osgi.bridge.jar:/home/tomek/IdeaProjects/jenkins/test/bundles/osgi/core/com.liferay.osgi.felix.util.jar:/home/tomek/IdeaProjects/jenkins/test/bundles/osgi/core/com.liferay.osgi.service.tracker.collections.jar:/home/tomek/IdeaProjects/jenkins/test/bundles/osgi/core/com.liferay.portal.app.license.api.jar:/home/tomek/IdeaProjects/jenkins/test/bundles/osgi/core/com.liferay.portal.app.license.impl.jar:/home/tomek/IdeaProjects/jenkins/test/bundles/osgi/core/com.liferay.portal.app.license.resolver.hook.jar:/home/tomek/IdeaProjects/jenkins/test/bundles/osgi/core/com.liferay.portal.bootstrap.jar:/home/tomek/IdeaProjects/jenkins/test/bundles/osgi/core/com.liferay.portal.equinox.log.bridge.jar:/home/tomek/IdeaProjects/jenkins/test/bundles/osgi/core/com.liferay.portal.security.pacl.jar:/home/tomek/IdeaProjects/jenkins/test/bundles/osgi/core/com.liferay.registry.impl.jar:/home/tomek/IdeaProjects/jenkins/test/bundles/osgi/core/org.eclipse.osgi.jar:/home/tomek/IdeaProjects/jenkins/test/bundles/osgi/state/org.eclipse.osgi/14/0/bundleFile:/home/tomek/IdeaProjects/jenkins/test/bundles/tomcat-8.0.32/lib/annotations-api.jar:/home/tomek/IdeaProjects/jenkins/test/bundles/tomcat-8.0.32/lib/catalina-ant.jar:/home/tomek/IdeaProjects/jenkins/test/bundles/tomcat-8.0.32/lib/catalina-ha.jar:/home/tomek/IdeaProjects/jenkins/test/bundles/tomcat-8.0.32/lib/catalina-storeconfig.jar:/home/tomek/IdeaProjects/jenkins/test/bundles/tomcat-8.0.32/lib/catalina-tribes.jar:/home/tomek/IdeaProjects/jenkins/test/bundles/tomcat-8.0.32/lib/catalina.jar:/home/tomek/IdeaProjects/jenkins/test/bundles/tomcat-8.0.32/lib/ecj-4.4.2.jar:/home/tomek/IdeaProjects/jenkins/test/bundles/tomcat-8.0.32/lib/el-api.jar:/home/tomek/IdeaProjects/jenkins/test/bundles/tomcat-8.0.32/lib/jasper-el.jar:/home/tomek/IdeaProjects/jenkins/test/bundl
Launcher Type: SUN_STANDARD

Environment Variables:
JAVA_HOME=/usr/lib/jvm/java-8-oracle
PATH=/home/tomek/bin:/home/tomek/.local/bin:/opt/gradle/gradle-5.0/bin:/usr/local/sbin:/usr/local/bin:/usr/sbin:/usr/bin:/sbin:/bin:/usr/games:/usr/local/games:/snap/bin:/usr/lib/jvm/java-8-oracle/bin:/usr/lib/jvm/java-8-oracle/db/bin:/usr/lib/jvm/java-8-oracle/jre/bin:/home/tomek/jpm/bin
USERNAME=tomek
SHELL=/bin/bash
DISPLAY=:0

Signal Handlers:
SIGSEGV: [libjvm.so+0xad3e60], sa_mask[0]=11111111011111111101111111111110, sa_flags=SA_RESTART|SA_SIGINFO
SIGBUS: [libjvm.so+0xad3e60], sa_mask[0]=11111111011111111101111111111110, sa_flags=SA_RESTART|SA_SIGINFO
SIGFPE: [libjvm.so+0x90b880], sa_mask[0]=11111111011111111101111111111110, sa_flags=SA_RESTART|SA_SIGINFO
SIGPIPE: [libjvm.so+0x90b880], sa_mask[0]=11111111011111111101111111111110, sa_flags=SA_RESTART|SA_SIGINFO
SIGXFSZ: [libjvm.so+0x90b880], sa_mask[0]=11111111011111111101111111111110, sa_flags=SA_RESTART|SA_SIGINFO
SIGILL: [libjvm.so+0x90b880], sa_mask[0]=11111111011111111101111111111110, sa_flags=SA_RESTART|SA_SIGINFO
SIGUSR1: SIG_DFL, sa_mask[0]=00000000000000000000000000000000, sa_flags=none
SIGUSR2: [libjvm.so+0x90b750], sa_mask[0]=00100000000000000000000000000000, sa_flags=SA_RESTART|SA_SIGINFO
SIGHUP: [libjvm.so+0x90bd70], sa_mask[0]=11111111011111111101111111111110, sa_flags=SA_RESTART|SA_SIGINFO
SIGINT: [libjvm.so+0x90bd70], sa_mask[0]=11111111011111111101111111111110, sa_flags=SA_RESTART|SA_SIGINFO
SIGTERM: [libjvm.so+0x90bd70], sa_mask[0]=11111111011111111101111111111110, sa_flags=SA_RESTART|SA_SIGINFO
SIGQUIT: [libjvm.so+0x90bd70], sa_mask[0]=11111111011111111101111111111110, sa_flags=SA_RESTART|SA_SIGINFO


---------------  S Y S T E M  ---------------

OS:DISTRIB_ID=Ubuntu
DISTRIB_RELEASE=18.04
DISTRIB_CODENAME=bionic
DISTRIB_DESCRIPTION="Ubuntu 18.04.2 LTS"

uname:Linux 4.15.0-47-generic #50-Ubuntu SMP Wed Mar 13 10:44:52 UTC 2019 x86_64
libc:glibc 2.27 NPTL 2.27 
rlimit: STACK 8192k, CORE 0k, NPROC 63204, NOFILE 1048576, AS infinity
load average:5,12 2,06 1,38

/proc/meminfo:
MemTotal:       16271364 kB
MemFree:          182988 kB
MemAvailable:      96500 kB
Buffers:            6536 kB
Cached:           371536 kB
SwapCached:            0 kB
Active:         10685188 kB
Inactive:         342428 kB
Active(anon):   10658624 kB
Inactive(anon):   304788 kB
Active(file):      26564 kB
Inactive(file):    37640 kB
Unevictable:         128 kB
Mlocked:             128 kB
SwapTotal:             0 kB
SwapFree:              0 kB
Dirty:                44 kB
Writeback:           216 kB
AnonPages:      10650804 kB
Mapped:          4594020 kB
Shmem:            312736 kB
Slab:             374524 kB
SReclaimable:     113272 kB
SUnreclaim:       261252 kB
KernelStack:       31792 kB
PageTables:       135572 kB
NFS_Unstable:          0 kB
Bounce:                0 kB
WritebackTmp:          0 kB
CommitLimit:     8135680 kB
Committed_AS:   29816280 kB
VmallocTotal:   34359738367 kB
VmallocUsed:           0 kB
VmallocChunk:          0 kB
HardwareCorrupted:     0 kB
AnonHugePages:         0 kB
ShmemHugePages:        0 kB
ShmemPmdMapped:        0 kB
CmaTotal:              0 kB
CmaFree:               0 kB
HugePages_Total:       0
HugePages_Free:        0
HugePages_Rsvd:        0
HugePages_Surp:        0
Hugepagesize:       2048 kB
DirectMap4k:     2944808 kB
DirectMap2M:    13678592 kB
DirectMap1G:     1048576 kB

container (cgroup) information:
container_type: cgroupv1
cpu_cpuset_cpus: 0-7
cpu_memory_nodes: 0
active_processor_count: 8
cpu_quota: -1
cpu_period: 100000
cpu_shares: -1
memory_limit_in_bytes: -1
memory_and_swap_limit_in_bytes: -2
memory_soft_limit_in_bytes: -1
memory_usage_in_bytes: 7047176192
memory_max_usage_in_bytes: 9142743040


CPU:total 8 (initial active 8) (4 cores per cpu, 2 threads per core) family 6 model 158 stepping 10, cmov, cx8, fxsr, mmx, sse, sse2, sse3, ssse3, sse4.1, sse4.2, popcnt, avx, avx2, aes, clmul, erms, 3dnowpref, lzcnt, ht, tsc, tscinvbit, bmi1, bmi2, adx

/proc/cpuinfo:
processor	: 0
vendor_id	: GenuineIntel
cpu family	: 6
model		: 158
model name	: Intel(R) Core(TM) i5-8300H CPU @ 2.30GHz
stepping	: 10
microcode	: 0x96
cpu MHz		: 3358.239
cache size	: 8192 KB
physical id	: 0
siblings	: 8
core id		: 0
cpu cores	: 4
apicid		: 0
initial apicid	: 0
fpu		: yes
fpu_exception	: yes
cpuid level	: 22
wp		: yes
flags		: fpu vme de pse tsc msr pae mce cx8 apic sep mtrr pge mca cmov pat pse36 clflush dts acpi mmx fxsr sse sse2 ss ht tm pbe syscall nx pdpe1gb rdtscp lm constant_tsc art arch_perfmon pebs bts rep_good nopl xtopology nonstop_tsc cpuid aperfmperf tsc_known_freq pni pclmulqdq dtes64 monitor ds_cpl vmx est tm2 ssse3 sdbg fma cx16 xtpr pdcm pcid sse4_1 sse4_2 x2apic movbe popcnt tsc_deadline_timer aes xsave avx f16c rdrand lahf_lm abm 3dnowprefetch cpuid_fault epb invpcid_single pti ssbd ibrs ibpb stibp tpr_shadow vnmi flexpriority ept vpid fsgsbase tsc_adjust bmi1 avx2 smep bmi2 erms invpcid mpx rdseed adx smap clflushopt intel_pt xsaveopt xsavec xgetbv1 xsaves dtherm ida arat pln pts hwp hwp_notify hwp_act_window hwp_epp flush_l1d
bugs		: cpu_meltdown spectre_v1 spectre_v2 spec_store_bypass l1tf
bogomips	: 4608.00
clflush size	: 64
cache_alignment	: 64
address sizes	: 39 bits physical, 48 bits virtual
power management:

processor	: 1
vendor_id	: GenuineIntel
cpu family	: 6
model		: 158
model name	: Intel(R) Core(TM) i5-8300H CPU @ 2.30GHz
stepping	: 10
microcode	: 0x96
cpu MHz		: 3244.735
cache size	: 8192 KB
physical id	: 0
siblings	: 8
core id		: 1
cpu cores	: 4
apicid		: 2
initial apicid	: 2
fpu		: yes
fpu_exception	: yes
cpuid level	: 22
wp		: yes
flags		: fpu vme de pse tsc msr pae mce cx8 apic sep mtrr pge mca cmov pat pse36 clflush dts acpi mmx fxsr sse sse2 ss ht tm pbe syscall nx pdpe1gb rdtscp lm constant_tsc art arch_perfmon pebs bts rep_good nopl xtopology nonstop_tsc cpuid aperfmperf tsc_known_freq pni pclmulqdq dtes64 monitor ds_cpl vmx est tm2 ssse3 sdbg fma cx16 xtpr pdcm pcid sse4_1 sse4_2 x2apic movbe popcnt tsc_deadline_timer aes xsave avx f16c rdrand lahf_lm abm 3dnowprefetch cpuid_fault epb invpcid_single pti ssbd ibrs ibpb stibp tpr_shadow vnmi flexpriority ept vpid fsgsbase tsc_adjust bmi1 avx2 smep bmi2 erms invpcid mpx rdseed adx smap clflushopt intel_pt xsaveopt xsavec xgetbv1 xsaves dtherm ida arat pln pts hwp hwp_notify hwp_act_window hwp_epp flush_l1d
bugs		: cpu_meltdown spectre_v1 spectre_v2 spec_store_bypass l1tf
bogomips	: 4608.00
clflush size	: 64
cache_alignment	: 64
address sizes	: 39 bits physical, 48 bits virtual
power management:

processor	: 2
vendor_id	: GenuineIntel
cpu family	: 6
model		: 158
model name	: Intel(R) Core(TM) i5-8300H CPU @ 2.30GHz
stepping	: 10
microcode	: 0x96
cpu MHz		: 3387.941
cache size	: 8192 KB
physical id	: 0
siblings	: 8
core id		: 2
cpu cores	: 4
apicid		: 4
initial apicid	: 4
fpu		: yes
fpu_exception	: yes
cpuid level	: 22
wp		: yes
flags		: fpu vme de pse tsc msr pae mce cx8 apic sep mtrr pge mca cmov pat pse36 clflush dts acpi mmx fxsr sse sse2 ss ht tm pbe syscall nx pdpe1gb rdtscp lm constant_tsc art arch_perfmon pebs bts rep_good nopl xtopology nonstop_tsc cpuid aperfmperf tsc_known_freq pni pclmulqdq dtes64 monitor ds_cpl vmx est tm2 ssse3 sdbg fma cx16 xtpr pdcm pcid sse4_1 sse4_2 x2apic movbe popcnt tsc_deadline_timer aes xsave avx f16c rdrand lahf_lm abm 3dnowprefetch cpuid_fault epb invpcid_single pti ssbd ibrs ibpb stibp tpr_shadow vnmi flexpriority ept vpid fsgsbase tsc_adjust bmi1 avx2 smep bmi2 erms invpcid mpx rdseed adx smap clflushopt intel_pt xsaveopt xsavec xgetbv1 xsaves dtherm ida arat pln pts hwp hwp_notify hwp_act_window hwp_epp flush_l1d
bugs		: cpu_meltdown spectre_v1 spectre_v2 spec_store_bypass l1tf
bogomips	: 4608.00
clflush size	: 64
cache_alignment	: 64
address sizes	: 39 bits physical, 48 bits virtual
power management:

processor	: 3
vendor_id	: GenuineIntel
cpu family	: 6
model		: 158
model name	: Intel(R) Core(TM) i5-8300H CPU @ 2.30GHz
stepping	: 10
microcode	: 0x96
cpu MHz		: 3272.245
cache size	: 8192 KB
physical id	: 0
siblings	: 8
core id		: 3
cpu cores	: 4
apicid		: 6
initial apicid	: 6
fpu		: yes
fpu_exception	: yes
cpuid level	: 22
wp		: yes
flags		: fpu vme de pse tsc msr pae mce cx8 apic sep mtrr pge mca cmov pat pse36 clflush dts acpi mmx fxsr sse sse2 ss ht tm pbe syscall nx pdpe1gb rdtscp lm constant_tsc art arch_perfmon pebs bts rep_good nopl xtopology nonstop_tsc cpuid aperfmperf tsc_known_freq pni pclmulqdq dtes64 monitor ds_cpl vmx est tm2 ssse3 sdbg fma cx16 xtpr pdcm pcid sse4_1 sse4_2 x2apic movbe popcnt tsc_deadline_timer aes xsave avx f16c rdrand lahf_lm abm 3dnowprefetch cpuid_fault epb invpcid_single pti ssbd ibrs ibpb stibp tpr_shadow vnmi flexpriority ept vpid fsgsbase tsc_adjust bmi1 avx2 smep bmi2 erms invpcid mpx rdseed adx smap clflushopt intel_pt xsaveopt xsavec xgetbv1 xsaves dtherm ida arat pln pts hwp hwp_notify hwp_act_window hwp_epp flush_l1d
bugs		: cpu_meltdown spectre_v1 spectre_v2 spec_store_bypass l1tf
bogomips	: 4608.00
clflush size	: 64
cache_alignment	: 64
address sizes	: 39 bits physical, 48 bits virtual
power management:

processor	: 4
vendor_id	: GenuineIntel
cpu family	: 6
model		: 158
model name	: Intel(R) Core(TM) i5-8300H CPU @ 2.30GHz
stepping	: 10
microcode	: 0x96
cpu MHz		: 3102.380
cache size	: 8192 KB
physical id	: 0
siblings	: 8
core id		: 0
cpu cores	: 4
apicid		: 1
initial apicid	: 1
fpu		: yes
fpu_exception	: yes
cpuid level	: 22
wp		: yes
flags		: fpu vme de pse tsc msr pae mce cx8 apic sep mtrr pge mca cmov pat pse36 clflush dts acpi mmx fxsr sse sse2 ss ht tm pbe syscall nx pdpe1gb rdtscp lm constant_tsc art arch_perfmon pebs bts rep_good nopl xtopology nonstop_tsc cpuid aperfmperf tsc_known_freq pni pclmulqdq dtes64 monitor ds_cpl vmx est tm2 ssse3 sdbg fma cx16 xtpr pdcm pcid sse4_1 sse4_2 x2apic movbe popcnt tsc_deadline_timer aes xsave avx f16c rdrand lahf_lm abm 3dnowprefetch cpuid_fault epb invpcid_single pti ssbd ibrs ibpb stibp tpr_shadow vnmi flexpriority ept vpid fsgsbase tsc_adjust bmi1 avx2 smep bmi2 erms invpcid mpx rdseed adx smap clflushopt intel_pt xsaveopt xsavec xgetbv1 xsaves dtherm ida arat pln pts hwp hwp_notify hwp_act_window hwp_epp flush_l1d
bugs		: cpu_meltdown spectre_v1 spectre_v2 spec_store_bypass l1tf
bogomips	: 4608.00
clflush size	: 64
cache_alignment	: 64
address sizes	: 39 bits physical, 48 bits virtual
power management:

processor	: 5
vendor_id	: GenuineIntel
cpu family	: 6
model		: 158
model name	: Intel(R) Core(TM) i5-8300H CPU @ 2.30GHz
stepping	: 10
microcode	: 0x96
cpu MHz		: 3354.558
cache size	: 8192 KB
physical id	: 0
siblings	: 8
core id		: 1
cpu cores	: 4
apicid		: 3
initial apicid	: 3
fpu		: yes
fpu_exception	: yes
cpuid level	: 22
wp		: yes
flags		: fpu vme de pse tsc msr pae mce cx8 apic sep mtrr pge mca cmov pat pse36 clflush dts acpi mmx fxsr sse sse2 ss ht tm pbe syscall nx pdpe1gb rdtscp lm constant_tsc art arch_perfmon pebs bts rep_good nopl xtopology nonstop_tsc cpuid aperfmperf tsc_known_freq pni pclmulqdq dtes64 monitor ds_cpl vmx est tm2 ssse3 sdbg fma cx16 xtpr pdcm pcid sse4_1 sse4_2 x2apic movbe popcnt tsc_deadline_timer aes xsave avx f16c rdrand lahf_lm abm 3dnowprefetch cpuid_fault epb invpcid_single pti ssbd ibrs ibpb stibp tpr_shadow vnmi flexpriority ept vpid fsgsbase tsc_adjust bmi1 avx2 smep bmi2 erms invpcid mpx rdseed adx smap clflushopt intel_pt xsaveopt xsavec xgetbv1 xsaves dtherm ida arat pln pts hwp hwp_notify hwp_act_window hwp_epp flush_l1d
bugs		: cpu_meltdown spectre_v1 spectre_v2 spec_store_bypass l1tf
bogomips	: 4608.00
clflush size	: 64
cache_alignment	: 64
address sizes	: 39 bits physical, 48 bits virtual
power management:

processor	: 6
vendor_id	: GenuineIntel
cpu family	: 6
model		: 158
model name	: Intel(R) Core(TM) i5-8300H CPU @ 2.30GHz
stepping	: 10
microcode	: 0x96
cpu MHz		: 3316.174
cache size	: 8192 KB
physical id	: 0
siblings	: 8
core id		: 2
cpu cores	: 4
apicid		: 5
initial apicid	: 5
fpu		: yes
fpu_exception	: yes
cpuid level	: 22
wp		: yes
flags		: fpu vme de pse tsc msr pae mce cx8 apic sep mtrr pge mca cmov pat pse36 clflush dts acpi mmx fxsr sse sse2 ss ht tm pbe syscall nx pdpe1gb rdtscp lm constant_tsc art arch_perfmon pebs bts rep_good nopl xtopology nonstop_tsc cpuid aperfmperf tsc_known_freq pni pclmulqdq dtes64 monitor ds_cpl vmx est tm2 ssse3 sdbg fma cx16 xtpr pdcm pcid sse4_1 sse4_2 x2apic movbe popcnt tsc_deadline_timer aes xsave avx f16c rdrand lahf_lm abm 3dnowprefetch cpuid_fault epb invpcid_single pti ssbd ibrs ibpb stibp tpr_shadow vnmi flexpriority ept vpid fsgsbase tsc_adjust bmi1 avx2 smep bmi2 erms invpcid mpx rdseed adx smap clflushopt intel_pt xsaveopt xsavec xgetbv1 xsaves dtherm ida arat pln pts hwp hwp_notify hwp_act_window hwp_epp flush_l1d
bugs		: cpu_meltdown spectre_v1 spectre_v2 spec_store_bypass l1tf
bogomips	: 4608.00
clflush size	: 64
cache_alignment	: 64
address sizes	: 39 bits physical, 48 bits virtual
power management:

processor	: 7
vendor_id	: GenuineIntel
cpu family	: 6
model		: 158
model name	: Intel(R) Core(TM) i5-8300H CPU @ 2.30GHz
stepping	: 10
microcode	: 0x96
cpu MHz		: 3393.817
cache size	: 8192 KB
physical id	: 0
siblings	: 8
core id		: 3
cpu cores	: 4
apicid		: 7
initial apicid	: 7
fpu		: yes
fpu_exception	: yes
cpuid level	: 22
wp		: yes
flags		: fpu vme de pse tsc msr pae mce cx8 apic sep mtrr pge mca cmov pat pse36 clflush dts acpi mmx fxsr sse sse2 ss ht tm pbe syscall nx pdpe1gb rdtscp lm constant_tsc art arch_perfmon pebs bts rep_good nopl xtopology nonstop_tsc cpuid aperfmperf tsc_known_freq pni pclmulqdq dtes64 monitor ds_cpl vmx est tm2 ssse3 sdbg fma cx16 xtpr pdcm pcid sse4_1 sse4_2 x2apic movbe popcnt tsc_deadline_timer aes xsave avx f16c rdrand lahf_lm abm 3dnowprefetch cpuid_fault epb invpcid_single pti ssbd ibrs ibpb stibp tpr_shadow vnmi flexpriority ept vpid fsgsbase tsc_adjust bmi1 avx2 smep bmi2 erms invpcid mpx rdseed adx smap clflushopt intel_pt xsaveopt xsavec xgetbv1 xsaves dtherm ida arat pln pts hwp hwp_notify hwp_act_window hwp_epp flush_l1d
bugs		: cpu_meltdown spectre_v1 spectre_v2 spec_store_bypass l1tf
bogomips	: 4608.00
clflush size	: 64
cache_alignment	: 64
address sizes	: 39 bits physical, 48 bits virtual
power management:



Memory: 4k page, physical 16271364k(169732k free), swap 0k(0k free)

vm_info: Java HotSpot(TM) 64-Bit Server VM (25.201-b09) for linux-amd64 JRE (1.8.0_201-b09), built on Dec 15 2018 11:35:59 by "java_re" with gcc 7.3.0

time: Tue Apr  9 10:48:44 2019
timezone: CEST
elapsed time: 12 seconds (0d 0h 0m 12s)

